<?xml version="1.0" encoding="UTF-8"?>
<testng-results skipped="0" failed="0" ignored="0" total="1" passed="1">
  <reporter-output>
  </reporter-output>
  <suite name="Default suite" duration-ms="46267" started-at="2020-08-14T17:28:59 IST" finished-at="2020-08-14T17:29:45 IST">
    <groups>
    </groups>
    <test name="Default test" duration-ms="46267" started-at="2020-08-14T17:28:59 IST" finished-at="2020-08-14T17:29:45 IST">
      <class name="DemoJenkingsTesting.DemoJenkins">
        <test-method status="PASS" signature="setUp()[pri:0, instance:DemoJenkingsTesting.DemoJenkins@3b084709]" name="setUp" is-config="true" duration-ms="24992" started-at="2020-08-14T17:28:59 IST" finished-at="2020-08-14T17:29:24 IST">
          <reporter-output>
          </reporter-output>
        </test-method> <!-- setUp -->
        <test-method status="PASS" signature="mainTestMethod()[pri:0, instance:DemoJenkingsTesting.DemoJenkins@3b084709]" name="mainTestMethod" duration-ms="21139" started-at="2020-08-14T17:29:24 IST" finished-at="2020-08-14T17:29:45 IST">
          <reporter-output>
          </reporter-output>
        </test-method> <!-- mainTestMethod -->
        <test-method status="PASS" signature="tearDown()[pri:0, instance:DemoJenkingsTesting.DemoJenkins@3b084709]" name="tearDown" is-config="true" duration-ms="83" started-at="2020-08-14T17:29:45 IST" finished-at="2020-08-14T17:29:45 IST">
          <reporter-output>
          </reporter-output>
        </test-method> <!-- tearDown -->
      </class> <!-- DemoJenkingsTesting.DemoJenkins -->
    </test> <!-- Default test -->
  </suite> <!-- Default suite -->
</testng-results>
