<?xml version="1.0" encoding="UTF-8"?>
<testng-results skipped="0" failed="0" ignored="0" total="1" passed="1">
  <reporter-output>
  </reporter-output>
  <suite name="Suite" duration-ms="33535" started-at="2020-08-02T13:00:54 IST" finished-at="2020-08-02T13:01:28 IST">
    <groups>
    </groups>
    <test name="Test" duration-ms="33535" started-at="2020-08-02T13:00:54 IST" finished-at="2020-08-02T13:01:28 IST">
      <class name="DemoJenkingsTesting.DemoJenkins">
        <test-method status="PASS" signature="setUp()[pri:0, instance:DemoJenkingsTesting.DemoJenkins@3b084709]" name="setUp" is-config="true" duration-ms="14425" started-at="2020-08-02T13:00:54 IST" finished-at="2020-08-02T13:01:09 IST">
          <reporter-output>
          </reporter-output>
        </test-method> <!-- setUp -->
        <test-method status="PASS" signature="mainTestMethod()[pri:0, instance:DemoJenkingsTesting.DemoJenkins@3b084709]" name="mainTestMethod" duration-ms="18962" started-at="2020-08-02T13:01:09 IST" finished-at="2020-08-02T13:01:28 IST">
          <reporter-output>
          </reporter-output>
        </test-method> <!-- mainTestMethod -->
        <test-method status="PASS" signature="tearDown()[pri:0, instance:DemoJenkingsTesting.DemoJenkins@3b084709]" name="tearDown" is-config="true" duration-ms="89" started-at="2020-08-02T13:01:28 IST" finished-at="2020-08-02T13:01:28 IST">
          <reporter-output>
          </reporter-output>
        </test-method> <!-- tearDown -->
      </class> <!-- DemoJenkingsTesting.DemoJenkins -->
    </test> <!-- Test -->
  </suite> <!-- Suite -->
</testng-results>
